<?xml version="1.0" encoding="UTF-8"?>
<robot generator="Robot 5.0.1 (Python 3.10.5 on win32)" generated="20220711 10:53:23.513" rpa="false" schemaversion="3">
<suite id="s1" name="Login" source="D:\Demo Keponet\Login\login.robot">
<test id="s1-t1" name="Login User Iptu" line="17">
<kw name="Start Chrome">
<kw name="Evaluate" library="BuiltIn">
<var>${chrome_options}</var>
<arg>sys.modules['selenium.webdriver'].ChromeOptions()</arg>
<arg>sys, selenium.webdriver</arg>
<doc>Evaluates the given expression in Python and returns the result.</doc>
<msg timestamp="20220711 10:53:23.989" level="INFO">${chrome_options} = &lt;selenium.webdriver.chrome.options.Options object at 0x0000026999AE11B0&gt;</msg>
<status status="PASS" starttime="20220711 10:53:23.988" endtime="20220711 10:53:23.989"/>
</kw>
<kw name="Call Method" library="BuiltIn">
<arg>${chrome_options}</arg>
<arg>add_argument</arg>
<arg>--no-sandbox</arg>
<doc>Calls the named method of the given object with the provided arguments.</doc>
<status status="PASS" starttime="20220711 10:53:23.990" endtime="20220711 10:53:23.993"/>
</kw>
<kw name="Create Webdriver" library="SeleniumLibrary">
<arg>Chrome</arg>
<arg>chrome_options=${chrome_options}</arg>
<doc>Creates an instance of Selenium WebDriver.</doc>
<msg timestamp="20220711 10:53:23.994" level="INFO">Creating an instance of the Chrome WebDriver.</msg>
<status status="PASS" starttime="20220711 10:53:23.993" endtime="20220711 10:53:27.119"/>
</kw>
<status status="PASS" starttime="20220711 10:53:23.987" endtime="20220711 10:53:27.120"/>
</kw>
<kw name="Go To" library="SeleniumLibrary">
<arg>${base_url}</arg>
<doc>Navigates the current browser window to the provided ``url``.</doc>
<msg timestamp="20220711 10:53:27.122" level="INFO">Opening url 'https://pub-eish-dev.keponet.com'</msg>
<status status="PASS" starttime="20220711 10:53:27.122" endtime="20220711 10:53:34.836"/>
</kw>
<kw name="Maximize Browser Window" library="SeleniumLibrary">
<doc>Maximizes current browser window.</doc>
<status status="PASS" starttime="20220711 10:53:34.839" endtime="20220711 10:53:35.044"/>
</kw>
<kw name="Input Text" library="SeleniumLibrary">
<arg>//input[@id='email']</arg>
<arg>${email_Iptu}</arg>
<doc>Types the given ``text`` into the text field identified by ``locator``.</doc>
<msg timestamp="20220711 10:53:35.047" level="INFO">Typing text 'jenareishsatu@yopmail.com' into text field '//input[@id='email']'.</msg>
<status status="PASS" starttime="20220711 10:53:35.045" endtime="20220711 10:53:35.293"/>
</kw>
<kw name="Input Text" library="SeleniumLibrary">
<arg>//input[@id='password']</arg>
<arg>${password_Iptu}</arg>
<doc>Types the given ``text`` into the text field identified by ``locator``.</doc>
<msg timestamp="20220711 10:53:35.298" level="INFO">Typing text '12345678' into text field '//input[@id='password']'.</msg>
<status status="PASS" starttime="20220711 10:53:35.298" endtime="20220711 10:53:35.452"/>
</kw>
<kw name="Click Element" library="SeleniumLibrary">
<arg>//button[@type="submit"]</arg>
<doc>Click the element identified by ``locator``.</doc>
<msg timestamp="20220711 10:53:35.454" level="INFO">Clicking element '//button[@type="submit"]'.</msg>
<status status="PASS" starttime="20220711 10:53:35.454" endtime="20220711 10:53:37.257"/>
</kw>
<kw name="Sleep" library="BuiltIn">
<arg>3s</arg>
<doc>Pauses the test executed for the given time.</doc>
<msg timestamp="20220711 10:53:40.274" level="INFO">Slept 3 seconds</msg>
<status status="PASS" starttime="20220711 10:53:37.259" endtime="20220711 10:53:40.274"/>
</kw>
<status status="PASS" starttime="20220711 10:53:23.984" endtime="20220711 10:53:40.275"/>
</test>
<test id="s1-t2" name="Menampilkan Perizinan Senjata Pistol" line="26">
<kw name="Click Element" library="SeleniumLibrary">
<arg>(//a[@class="nav-link"])[3]</arg>
<doc>Click the element identified by ``locator``.</doc>
<msg timestamp="20220711 10:53:40.282" level="INFO">Clicking element '(//a[@class="nav-link"])[3]'.</msg>
<status status="PASS" starttime="20220711 10:53:40.282" endtime="20220711 10:53:41.340"/>
</kw>
<kw name="Select From List By Value" library="SeleniumLibrary">
<arg>(//select[@name="custom-filter"])[option]</arg>
<arg>1</arg>
<doc>Selects options from selection list ``locator`` by ``values``.</doc>
<msg timestamp="20220711 10:53:41.341" level="INFO">Selecting options from selection list '(//select[@name="custom-filter"])[option]' by value 1.</msg>
<status status="PASS" starttime="20220711 10:53:41.340" endtime="20220711 10:53:41.492"/>
</kw>
<kw name="Sleep" library="BuiltIn">
<arg>3s</arg>
<doc>Pauses the test executed for the given time.</doc>
<msg timestamp="20220711 10:53:44.508" level="INFO">Slept 3 seconds</msg>
<status status="PASS" starttime="20220711 10:53:41.500" endtime="20220711 10:53:44.508"/>
</kw>
<status status="PASS" starttime="20220711 10:53:40.281" endtime="20220711 10:53:44.509"/>
</test>
<test id="s1-t3" name="Ajukan Izin Olahraga" line="31">
<kw name="Click Element" library="SeleniumLibrary">
<arg>//a[@class="button-create"]</arg>
<doc>Click the element identified by ``locator``.</doc>
<msg timestamp="20220711 10:53:44.512" level="INFO">Clicking element '//a[@class="button-create"]'.</msg>
<status status="PASS" starttime="20220711 10:53:44.512" endtime="20220711 10:53:45.076"/>
</kw>
<kw name="Click Element" library="SeleniumLibrary">
<arg>(//a[@data-target="kategori"])[2]</arg>
<doc>Click the element identified by ``locator``.</doc>
<msg timestamp="20220711 10:53:45.079" level="INFO">Clicking element '(//a[@data-target="kategori"])[2]'.</msg>
<status status="PASS" starttime="20220711 10:53:45.079" endtime="20220711 10:53:45.177"/>
</kw>
<kw name="Sleep" library="BuiltIn">
<arg>3s</arg>
<doc>Pauses the test executed for the given time.</doc>
<msg timestamp="20220711 10:53:48.194" level="INFO">Slept 3 seconds</msg>
<status status="PASS" starttime="20220711 10:53:45.188" endtime="20220711 10:53:48.194"/>
</kw>
<kw name="Close Browser" library="SeleniumLibrary">
<doc>Closes the current browser.</doc>
<status status="PASS" starttime="20220711 10:53:48.194" endtime="20220711 10:53:50.838"/>
</kw>
<status status="PASS" starttime="20220711 10:53:44.511" endtime="20220711 10:53:50.840"/>
</test>
<status status="PASS" starttime="20220711 10:53:23.516" endtime="20220711 10:53:50.844"/>
</suite>
<statistics>
<total>
<stat pass="3" fail="0" skip="0">All Tests</stat>
</total>
<tag>
</tag>
<suite>
<stat pass="3" fail="0" skip="0" id="s1" name="Login">Login</stat>
</suite>
</statistics>
<errors>
</errors>
</robot>
